Build started 2017/9/12 15:11:27.
     1>Project "C:\Users\Administrator\Desktop\保研准备\另一个学姐\保研准备-上机\保研准备-上机\未知年份\2012TM.vcxproj" on node 2 (build target(s)).
     1>InitializeBuildStatus:
         Creating "Debug\2012TM.unsuccessfulbuild" because "AlwaysCreate" was specified.
       ClCompile:
         C:\Program Files (x86)\Microsoft Visual Studio 10.0\VC\bin\CL.exe /c /ZI /nologo /W3 /WX- /Od /Oy- /D WIN32 /D _DEBUG /D _CONSOLE /D _UNICODE /D UNICODE /Gm /EHsc /RTC1 /MDd /GS /fp:precise /Zc:wchar_t /Zc:forScope /Fo"Debug\\" /Fd"Debug\vc100.pdb" /Gd /TP /analyze- /errorReport:prompt S01.cpp
         S01.cpp
       ManifestResourceCompile:
         C:\Program Files (x86)\Microsoft SDKs\Windows\v7.0A\bin\rc.exe /nologo /fo"Debug\2012TM.exe.embed.manifest.res" Debug\2012TM_manifest.rc 
       Link:
         C:\Program Files (x86)\Microsoft Visual Studio 10.0\VC\bin\link.exe /ERRORREPORT:PROMPT /OUT:"C:\Users\Administrator\Desktop\保研准备\另一个学姐\保研准备-上机\保研准备-上机\未知年份\Debug\2012TM.exe" /INCREMENTAL /NOLOGO kernel32.lib user32.lib gdi32.lib winspool.lib comdlg32.lib advapi32.lib shell32.lib ole32.lib oleaut32.lib uuid.lib odbc32.lib odbccp32.lib /MANIFEST /ManifestFile:"Debug\2012TM.exe.intermediate.manifest" /MANIFESTUAC:"level='asInvoker' uiAccess='false'" /DEBUG /PDB:"C:\Users\Administrator\Desktop\保研准备\另一个学姐\保研准备-上机\保研准备-上机\未知年份\Debug\2012TM.pdb" /SUBSYSTEM:CONSOLE /TLBID:1 /DYNAMICBASE /NXCOMPAT /IMPLIB:"C:\Users\Administrator\Desktop\保研准备\另一个学姐\保研准备-上机\保研准备-上机\未知年份\Debug\2012TM.lib" /MACHINE:X86 Debug\2012TM.exe.embed.manifest.res
         Debug\S01.obj
       Manifest:
         C:\Program Files (x86)\Microsoft SDKs\Windows\v7.0A\bin\mt.exe /nologo /verbose /out:"Debug\2012TM.exe.embed.manifest" /manifest Debug\2012TM.exe.intermediate.manifest
         C:\Program Files (x86)\Microsoft SDKs\Windows\v7.0A\bin\rc.exe /nologo /fo"Debug\2012TM.exe.embed.manifest.res" Debug\2012TM_manifest.rc 
       LinkEmbedManifest:
         C:\Program Files (x86)\Microsoft Visual Studio 10.0\VC\bin\link.exe /ERRORREPORT:PROMPT /OUT:"C:\Users\Administrator\Desktop\保研准备\另一个学姐\保研准备-上机\保研准备-上机\未知年份\Debug\2012TM.exe" /INCREMENTAL /NOLOGO kernel32.lib user32.lib gdi32.lib winspool.lib comdlg32.lib advapi32.lib shell32.lib ole32.lib oleaut32.lib uuid.lib odbc32.lib odbccp32.lib /MANIFEST /ManifestFile:"Debug\2012TM.exe.intermediate.manifest" /MANIFESTUAC:"level='asInvoker' uiAccess='false'" /DEBUG /PDB:"C:\Users\Administrator\Desktop\保研准备\另一个学姐\保研准备-上机\保研准备-上机\未知年份\Debug\2012TM.pdb" /SUBSYSTEM:CONSOLE /TLBID:1 /DYNAMICBASE /NXCOMPAT /IMPLIB:"C:\Users\Administrator\Desktop\保研准备\另一个学姐\保研准备-上机\保研准备-上机\未知年份\Debug\2012TM.lib" /MACHINE:X86 Debug\2012TM.exe.embed.manifest.res
         Debug\S01.obj
         2012TM.vcxproj -> C:\Users\Administrator\Desktop\保研准备\另一个学姐\保研准备-上机\保研准备-上机\未知年份\Debug\2012TM.exe
       FinalizeBuildStatus:
         Deleting file "Debug\2012TM.unsuccessfulbuild".
         Touching "Debug\2012TM.lastbuildstate".
     1>Done Building Project "C:\Users\Administrator\Desktop\保研准备\另一个学姐\保研准备-上机\保研准备-上机\未知年份\2012TM.vcxproj" (build target(s)).

Build succeeded.

Time Elapsed 00:00:01.90
